#
# A fatal error has been detected by the Java Runtime Environment:
#
#  Internal Error (javaClasses.cpp:126), pid=4408, tid=1296
#  fatal error: Invalid layout of preloaded class
#
# JRE version:  (8.0_25-b18) (build )
# Java VM: Java HotSpot(TM) 64-Bit Server VM (25.25-b02 mixed mode windows-amd64 compressed oops)
# Failed to write core dump. Minidumps are not enabled by default on client versions of Windows
#
# If you would like to submit a bug report, please visit:
#   http://bugreport.sun.com/bugreport/crash.jsp
#

---------------  T H R E A D  ---------------

Current thread (0x000000000207d800):  JavaThread "Unknown thread" [_thread_in_vm, id=1296, stack(0x0000000002450000,0x0000000002550000)]

Stack: [0x0000000002450000,0x0000000002550000]
Native frames: (J=compiled Java code, j=interpreted, Vv=VM code, C=native code)
V  [jvm.dll+0x31667a]
V  [jvm.dll+0x267073]
V  [jvm.dll+0x267cb3]
V  [jvm.dll+0x25f536]
V  [jvm.dll+0x5e773]
V  [jvm.dll+0x5e863]
V  [jvm.dll+0x731ca]
V  [jvm.dll+0x73528]
V  [jvm.dll+0xe48b7]
V  [jvm.dll+0xe4c46]
V  [jvm.dll+0x1f9ae7]
V  [jvm.dll+0x22b2e4]
V  [jvm.dll+0x14d571]
C  [javaw.exe+0x20c6]
C  [javaw.exe+0xc9eb]
C  [javaw.exe+0xca7f]
C  [kernel32.dll+0x159cd]
C  [ntdll.dll+0x2a2e1]


---------------  P R O C E S S  ---------------

Java Threads: ( => current thread )

Other Threads:

=>0x000000000207d800 (exited) JavaThread "Unknown thread" [_thread_in_vm, id=1296, stack(0x0000000002450000,0x0000000002550000)]

VM state:not at safepoint (not fully initialized)

VM Mutex/Monitor currently owned by a thread: None

GC Heap History (0 events):
No events

Deoptimization events (0 events):
No events

Internal exceptions (0 events):
No events

Events (10 events):
Event: 0.013 loading class java/lang/CharSequence done
Event: 0.014 loading class java/lang/String done
Event: 0.014 loading class java/lang/Class
Event: 0.014 loading class java/lang/reflect/AnnotatedElement
Event: 0.014 loading class java/lang/reflect/AnnotatedElement done
Event: 0.014 loading class java/lang/reflect/GenericDeclaration
Event: 0.014 loading class java/lang/reflect/GenericDeclaration done
Event: 0.014 loading class java/lang/reflect/Type
Event: 0.014 loading class java/lang/reflect/Type done
Event: 0.014 loading class java/lang/Class done


Dynamic libraries:
0x000000013f4d0000 - 0x000000013f504000 	C:\Program Files\Java\jre1.8.0_25\bin\javaw.exe
0x00000000777d0000 - 0x000000007797a000 	C:\windows\SYSTEM32\ntdll.dll
0x00000000776b0000 - 0x00000000777cf000 	C:\windows\system32\kernel32.dll
0x000007fefd780000 - 0x000007fefd7ea000 	C:\windows\system32\KERNELBASE.dll
0x000007feff920000 - 0x000007feff9fb000 	C:\windows\system32\ADVAPI32.dll
0x000007fefdae0000 - 0x000007fefdb7f000 	C:\windows\system32\msvcrt.dll
0x000007feff290000 - 0x000007feff2af000 	C:\windows\SYSTEM32\sechost.dll
0x000007feff5c0000 - 0x000007feff6ed000 	C:\windows\system32\RPCRT4.dll
0x00000000775b0000 - 0x00000000776aa000 	C:\windows\system32\USER32.dll
0x000007feff220000 - 0x000007feff287000 	C:\windows\system32\GDI32.dll
0x000007fefe960000 - 0x000007fefe96e000 	C:\windows\system32\LPK.dll
0x000007fefec10000 - 0x000007fefecda000 	C:\windows\system32\USP10.dll
0x000007fefbed0000 - 0x000007fefc0c4000 	C:\windows\WinSxS\amd64_microsoft.windows.common-controls_6595b64144ccf1df_6.0.7601.18837_none_fa3b1e3d17594757\COMCTL32.dll
0x000007feff790000 - 0x000007feff801000 	C:\windows\system32\SHLWAPI.dll
0x000007fefe910000 - 0x000007fefe93e000 	C:\windows\system32\IMM32.DLL
0x000007feff810000 - 0x000007feff919000 	C:\windows\system32\MSCTF.dll
0x0000000065660000 - 0x0000000065732000 	C:\Program Files\Java\jre1.8.0_25\bin\msvcr100.dll
0x0000000064e00000 - 0x000000006565a000 	C:\Program Files\Java\jre1.8.0_25\bin\server\jvm.dll
0x000007fef8310000 - 0x000007fef8319000 	C:\windows\system32\WSOCK32.dll
0x000007fefef70000 - 0x000007fefefbd000 	C:\windows\system32\WS2_32.dll
0x000007fefe970000 - 0x000007fefe978000 	C:\windows\system32\NSI.dll
0x000007fefb7d0000 - 0x000007fefb80b000 	C:\windows\system32\WINMM.dll
0x00000000779a0000 - 0x00000000779a7000 	C:\windows\system32\PSAPI.DLL
0x000000006a950000 - 0x000000006a95f000 	C:\Program Files\Java\jre1.8.0_25\bin\verify.dll
0x000000006a920000 - 0x000000006a948000 	C:\Program Files\Java\jre1.8.0_25\bin\java.dll
0x000000006a900000 - 0x000000006a916000 	C:\Program Files\Java\jre1.8.0_25\bin\zip.dll
0x000007fef7040000 - 0x000007fef7165000 	C:\windows\system32\dbghelp.dll

VM Arguments:
jvm_args: -Dfile.encoding=UTF-8 -Xbootclasspath:E:\Android-sdk-windows-full\platforms\android-21\android.jar 
java_command: com.xinwei.xwcamera.util.ByteDealUtil
java_class_path (initial): E:\workspaceD07\XWCamera\bin\classes;E:\workspaceD07\XWCamera\libs\android-support-v4.jar
Launcher Type: SUN_STANDARD

Environment Variables:
JAVA_HOME=C:\Program Files\Java\jdk1.7.0_75
PATH=C:\ProgramData\Oracle\Java\javapath;C:\windows\system32;C:\windows;C:\windows\System32\Wbem;C:\windows\System32\WindowsPowerShell\v1.0\;C:\Program Files\TortoiseSVN\bin;E:\Android-sdk-windows-full\platform-tools\;E:\Android-sdk-windows-full\tools;D:\apache-ant\apache-ant-1.9.7\bin;C:\Program Files\Java\jdk1.7.0_75\bin;C:\Python27;C:\Python27\Scripts;C:\Python27\Lib;E:\new\NDK\android-ndk-r10d;D:\CMProgram file\Ultr;D:\CMProgram file\Git\cmd
USERNAME=chenming
OS=Windows_NT
PROCESSOR_IDENTIFIER=Intel64 Family 6 Model 60 Stepping 3, GenuineIntel



---------------  S Y S T E M  ---------------

OS: Windows 7 , 64 bit Build 7601 Service Pack 1

CPU:total 4 (2 cores per cpu, 2 threads per core) family 6 model 60 stepping 3, cmov, cx8, fxsr, mmx, sse, sse2, sse3, ssse3, sse4.1, sse4.2, popcnt, avx, avx2, aes, clmul, erms, lzcnt, ht, tsc, tscinvbit, bmi1, bmi2

Memory: 4k page, physical 8294564k(4943784k free), swap 16587268k(10748448k free)

vm_info: Java HotSpot(TM) 64-Bit Server VM (25.25-b02) for windows-amd64 JRE (1.8.0_25-b18), built on Oct  7 2014 14:25:37 by "java_re" with MS VC++ 10.0 (VS2010)

time: Tue Nov 15 08:45:25 2016
elapsed time: 0 seconds (0d 0h 0m 0s)

